ASxxxx Assembler V02.00 + NoICE + SDCC mods  (Zilog Z80 / Hitachi HD64180), page 1.
Hexadecimal [16-Bits]



                              1 ;;.area _DATA
                              2 ;;.area _CODE
                              3 
ASxxxx Assembler V02.00 + NoICE + SDCC mods  (Zilog Z80 / Hitachi HD64180), page 2.
Hexadecimal [16-Bits]



                              4 .include "man/entity.h.s"
                              1 .globl man_entity_init
                              2 .globl man_entity_create
                              3 .globl man_entity_new
                              4 .globl man_entity_getArray
ASxxxx Assembler V02.00 + NoICE + SDCC mods  (Zilog Z80 / Hitachi HD64180), page 3.
Hexadecimal [16-Bits]



                              5 .include "cmp/entity.h.s"
                              1 
                              2 
                              3 .macro DefineCmp_Entity _x, _y, _vx, _vy, _w, _h, _pspr, _AIstatus
                              4 	.db _x, _y		;posición
                              5 	.db _vx, _vy	;velocidad
                              6 	.db _w, _h		;tamaño
                              7 	.dw _pspr		;puntero a sprite
                              8 	.db 0x00, 0x00	;e_ai_aim_x y e_ai_aim_y posición objetivo a la que moverse
                              9 	.db _AIstatus	;AI status
                             10 	.db _AIstatus	;Previous AI status
                             11 	.dw 0x0000		;puntero al array de waypoints
                             12 	.dw #0xCCCC		;últia posición del sprite en memoria de video (para utilizarla para el borrado del sprite)
                             13 .endm
                             14 
                             15 
                             16 .macro DefineCmp_Entity_default
                             17 	DefineCmp_Entity 0, 0, 0, 0, 1, 1, 0x0000, e_ai_st_noAI
                             18 .endm
                             19 
                             20 ;;Definición de constantes: offsets de cada entidad para usar con ix
                             21 
                             22 
                     0000    23 e_x = 0		;posición x
                     0001    24 e_y = 1		;posición y
                     0002    25 e_vx = 2 		;velocidad en x
                     0003    26 e_vy = 3		;velocidad en y
                     0004    27 e_w = 4		;anchura del sprite en bytes
                     0005    28 e_h = 5		;altura del sprite en bytes
                     0006    29 e_pspr_l = 6	;byte bajo de la dirección de memoria del sprite
                     0007    30 e_pspr_h = 7	;byte alto de la dirección de memoria del sprite (primero el bajo porque es little endian)	;byte bajo de la posición de memoria de video antes de mover el sprite para su borrado
                     0008    31 e_ai_aim_X = 8	;posición objetivo de las entidades que tienen ia y su status es moverse
                     0009    32 e_ai_aim_y = 9	;posición objetivo de las entidades que tienen ia y su status es moverse
                     000A    33 e_ai_st = 10	;status de la ia
                     000B    34 e_ai_pre_st = 11	;status previo de la ia para volver al estado anterior si es necesario
                     000C    35 e_ai_patrol_step_l = 12	;parte baja del puntero del array de waypoints
                     000D    36 e_ai_patrol_step_h = 13	;parte alta del puntero del array de waypoints
                     000E    37 e_lastVP_l = 14	;byte bajo de la posición de memoria de video antes de mover el sprite para su borrado
                     000F    38 e_lastVP_h = 15	;en este byte se guarda en status de la ia (desde 0=no tiene ia hasta moverse o permanecer parado)
                     0010    39 sizeof_e = 16	;tamaño de los datos de la entidad en bytes (para calcular el punto al que mover el puntero para pasar de una entidad a otra)
                             40 	
                             41 ;;Creamos una enumeración de status de ia
                             42 
                     0000    43 e_ai_st_noAI = 0		;status no IA, el que cargará la definición del componente por defercto
                     0001    44 e_ai_st_stand_by = 1	;stand by
                     0002    45 e_ai_st_move_to = 2
                     0003    46 e_ai_st_patrol = 3
                             47 
ASxxxx Assembler V02.00 + NoICE + SDCC mods  (Zilog Z80 / Hitachi HD64180), page 4.
Hexadecimal [16-Bits]



                              6 .include "man/patrol.h.s"
                              1 .globl patrol_invalid_move_x 
                              2 
                              3 .globl man_patrol_init
                              4 .globl man_patrol_get
ASxxxx Assembler V02.00 + NoICE + SDCC mods  (Zilog Z80 / Hitachi HD64180), page 5.
Hexadecimal [16-Bits]



                              7 .include "sys/render.h.s"
                              1 .globl sys_eren_init
                              2 .globl sys_eren_update
                              3 .globl man_game_update
ASxxxx Assembler V02.00 + NoICE + SDCC mods  (Zilog Z80 / Hitachi HD64180), page 6.
Hexadecimal [16-Bits]



                              8 .include "assets/assets.h.s"
                              1 .globl _pal_main
                              2 .globl _sp_mainchar
                              3 .globl _sp_redball
                              4 .globl _sp_sword
ASxxxx Assembler V02.00 + NoICE + SDCC mods  (Zilog Z80 / Hitachi HD64180), page 7.
Hexadecimal [16-Bits]



                              9 .include "sys/input.h.s"
                              1 .globl sys_input_init
                              2 .globl sys_input_update
ASxxxx Assembler V02.00 + NoICE + SDCC mods  (Zilog Z80 / Hitachi HD64180), page 8.
Hexadecimal [16-Bits]



                             10 .include "sys/ai_control.h.s"
                              1 .globl sys_ai_control_init
                              2 .globl sys_ai_control_update
ASxxxx Assembler V02.00 + NoICE + SDCC mods  (Zilog Z80 / Hitachi HD64180), page 9.
Hexadecimal [16-Bits]



                             11 .include "sys/physics.h.s"
                              1 .globl sys_physics_init
                              2 .globl sys_pysics_update
ASxxxx Assembler V02.00 + NoICE + SDCC mods  (Zilog Z80 / Hitachi HD64180), page 10.
Hexadecimal [16-Bits]



                             12 
                             13 ;Definimos una estructura con datos para player
   0000                      14 player: 	DefineCmp_Entity 0, 0, 1, 2, 4, 16, _sp_mainchar, e_ai_st_noAI
   0000 00 00                 1 	.db 0, 0		;posición
   0002 01 02                 2 	.db 1, 2	;velocidad
   0004 04 10                 3 	.db 4, 16		;tamaño
   0006 00 00                 4 	.dw _sp_mainchar		;puntero a sprite
   0008 00 00                 5 	.db 0x00, 0x00	;e_ai_aim_x y e_ai_aim_y posición objetivo a la que moverse
   000A 00                    6 	.db e_ai_st_noAI	;AI status
   000B 00                    7 	.db e_ai_st_noAI	;Previous AI status
   000C 00 00                 8 	.dw 0x0000		;puntero al array de waypoints
   000E CC CC                 9 	.dw #0xCCCC		;últia posición del sprite en memoria de video (para utilizarla para el borrado del sprite)
   0010                      15 redball: 	DefineCmp_Entity 70, 40, 0xFF, 0xFE, 2, 8, _sp_redball, e_ai_st_stand_by
   0010 46 28                 1 	.db 70, 40		;posición
   0012 FF FE                 2 	.db 0xFF, 0xFE	;velocidad
   0014 02 08                 3 	.db 2, 8		;tamaño
   0016 00 00                 4 	.dw _sp_redball		;puntero a sprite
   0018 00 00                 5 	.db 0x00, 0x00	;e_ai_aim_x y e_ai_aim_y posición objetivo a la que moverse
   001A 01                    6 	.db e_ai_st_stand_by	;AI status
   001B 01                    7 	.db e_ai_st_stand_by	;Previous AI status
   001C 00 00                 8 	.dw 0x0000		;puntero al array de waypoints
   001E CC CC                 9 	.dw #0xCCCC		;últia posición del sprite en memoria de video (para utilizarla para el borrado del sprite)
   0020                      16 sword:	DefineCmp_Entity 40, 120, 2, 0xFC, 3, 4, _sp_sword, e_ai_st_noAI
   0020 28 78                 1 	.db 40, 120		;posición
   0022 02 FC                 2 	.db 2, 0xFC	;velocidad
   0024 03 04                 3 	.db 3, 4		;tamaño
   0026 00 00                 4 	.dw _sp_sword		;puntero a sprite
   0028 00 00                 5 	.db 0x00, 0x00	;e_ai_aim_x y e_ai_aim_y posición objetivo a la que moverse
   002A 00                    6 	.db e_ai_st_noAI	;AI status
   002B 00                    7 	.db e_ai_st_noAI	;Previous AI status
   002C 00 00                 8 	.dw 0x0000		;puntero al array de waypoints
   002E CC CC                 9 	.dw #0xCCCC		;últia posición del sprite en memoria de video (para utilizarla para el borrado del sprite)
   0030                      17 man_game_init::
   0030 CD 00 00      [17]   18 	call man_patrol_init
   0033 CD 00 00      [17]   19 	call man_entity_init	;resetea el número de entidades a cero
                             20 
   0036 CD 00 00      [17]   21 	call man_entity_getArray		;en todos los init se utiliza código automodificable para cargar el puntero de la posición del inicio del array de entidades
   0039 CD 00 00      [17]   22 	call sys_ai_control_init	;|utilizamos getArray porque utilizamos el init para meter el puntero al array en ix en el update mediante CODAUTMOD
   003C CD 00 00      [17]   23 	call sys_input_init
   003F CD 00 00      [17]   24 	call sys_physics_init
   0042 CD 00 00      [17]   25 	call sys_eren_init
                             26 
                             27 
   0045 21 00 00      [10]   28 	ld hl, #player
   0048 CD 00 00      [17]   29 	call man_entity_create	;copia los valores a los que apunta hl en el primer sitio libre para crear una nueva entidad
   004B 21 10 00      [10]   30 	ld hl, #redball
   004E CD 00 00      [17]   31 	call man_entity_create
   0051 21 20 00      [10]   32 	ld hl, #sword
   0054 CD 00 00      [17]   33 	call man_entity_create
   0057 C9            [10]   34 ret
                             35 
   0058                      36 man_game_update::
   0058 CD 00 00      [17]   37 	call sys_input_update
   005B CD 00 00      [17]   38 	call sys_ai_control_update
   005E CD 00 00      [17]   39 	call sys_pysics_update
ASxxxx Assembler V02.00 + NoICE + SDCC mods  (Zilog Z80 / Hitachi HD64180), page 11.
Hexadecimal [16-Bits]



   0061 C9            [10]   40 ret
                             41 
   0062                      42 man_game_render::
   0062 CD 00 00      [17]   43 	call sys_eren_update
   0065 C9            [10]   44 ret
                             45 
