                              1 ;--------------------------------------------------------
                              2 ; File Created by SDCC : free open source ANSI-C Compiler
                              3 ; Version 3.6.8 #9946 (Linux)
                              4 ;--------------------------------------------------------
                              5 	.module player01
                              6 	.optsdcc -mz80
                              7 	
                              8 ;--------------------------------------------------------
                              9 ; Public variables in this module
                             10 ;--------------------------------------------------------
                             11 	.globl _sp_mainchar
                             12 	.globl _pal_main
                             13 ;--------------------------------------------------------
                             14 ; special function registers
                             15 ;--------------------------------------------------------
                             16 ;--------------------------------------------------------
                             17 ; ram data
                             18 ;--------------------------------------------------------
                             19 	.area _DATA
                             20 ;--------------------------------------------------------
                             21 ; ram data
                             22 ;--------------------------------------------------------
                             23 	.area _INITIALIZED
                             24 ;--------------------------------------------------------
                             25 ; absolute external ram data
                             26 ;--------------------------------------------------------
                             27 	.area _DABS (ABS)
                             28 ;--------------------------------------------------------
                             29 ; global & static initialisations
                             30 ;--------------------------------------------------------
                             31 	.area _HOME
                             32 	.area _GSINIT
                             33 	.area _GSFINAL
                             34 	.area _GSINIT
                             35 ;--------------------------------------------------------
                             36 ; Home
                             37 ;--------------------------------------------------------
                             38 	.area _HOME
                             39 	.area _HOME
                             40 ;--------------------------------------------------------
                             41 ; code
                             42 ;--------------------------------------------------------
                             43 	.area _CODE
                             44 	.area _CODE
   0000                      45 _pal_main:
   0000 54                   46 	.db #0x54	; 84	'T'
   0001 44                   47 	.db #0x44	; 68	'D'
   0002 55                   48 	.db #0x55	; 85	'U'
   0003 5C                   49 	.db #0x5c	; 92
   0004 4C                   50 	.db #0x4c	; 76	'L'
   0005 56                   51 	.db #0x56	; 86	'V'
   0006 57                   52 	.db #0x57	; 87	'W'
   0007 5E                   53 	.db #0x5e	; 94
   0008 40                   54 	.db #0x40	; 64
   0009 4E                   55 	.db #0x4e	; 78	'N'
   000A 47                   56 	.db #0x47	; 71	'G'
   000B 52                   57 	.db #0x52	; 82	'R'
   000C 53                   58 	.db #0x53	; 83	'S'
   000D 4A                   59 	.db #0x4a	; 74	'J'
   000E 43                   60 	.db #0x43	; 67	'C'
   000F 4B                   61 	.db #0x4b	; 75	'K'
   0010                      62 _sp_mainchar:
   0010 44                   63 	.db #0x44	; 68	'D'
   0011 CC                   64 	.db #0xcc	; 204
   0012 CC                   65 	.db #0xcc	; 204
   0013 88                   66 	.db #0x88	; 136
   0014 44                   67 	.db #0x44	; 68	'D'
   0015 C3                   68 	.db #0xc3	; 195
   0016 C3                   69 	.db #0xc3	; 195
   0017 00                   70 	.db #0x00	; 0
   0018 CC                   71 	.db #0xcc	; 204
   0019 C3                   72 	.db #0xc3	; 195
   001A FF                   73 	.db #0xff	; 255
   001B 00                   74 	.db #0x00	; 0
   001C C9                   75 	.db #0xc9	; 201
   001D C3                   76 	.db #0xc3	; 195
   001E AE                   77 	.db #0xae	; 174
   001F 82                   78 	.db #0x82	; 130
   0020 C9                   79 	.db #0xc9	; 201
   0021 C3                   80 	.db #0xc3	; 195
   0022 C3                   81 	.db #0xc3	; 195
   0023 82                   82 	.db #0x82	; 130
   0024 C9                   83 	.db #0xc9	; 201
   0025 C3                   84 	.db #0xc3	; 195
   0026 C3                   85 	.db #0xc3	; 195
   0027 82                   86 	.db #0x82	; 130
   0028 C9                   87 	.db #0xc9	; 201
   0029 C3                   88 	.db #0xc3	; 195
   002A C3                   89 	.db #0xc3	; 195
   002B 82                   90 	.db #0x82	; 130
   002C 44                   91 	.db #0x44	; 68	'D'
   002D C3                   92 	.db #0xc3	; 195
   002E 92                   93 	.db #0x92	; 146
   002F 00                   94 	.db #0x00	; 0
   0030 00                   95 	.db #0x00	; 0
   0031 69                   96 	.db #0x69	; 105	'i'
   0032 C3                   97 	.db #0xc3	; 195
   0033 00                   98 	.db #0x00	; 0
   0034 00                   99 	.db #0x00	; 0
   0035 3C                  100 	.db #0x3c	; 60
   0036 0C                  101 	.db #0x0c	; 12
   0037 00                  102 	.db #0x00	; 0
   0038 00                  103 	.db #0x00	; 0
   0039 2C                  104 	.db #0x2c	; 44
   003A 3C                  105 	.db #0x3c	; 60
   003B 69                  106 	.db #0x69	; 105	'i'
   003C 00                  107 	.db #0x00	; 0
   003D 2C                  108 	.db #0x2c	; 44
   003E 0C                  109 	.db #0x0c	; 12
   003F 49                  110 	.db #0x49	; 73	'I'
   0040 00                  111 	.db #0x00	; 0
   0041 2C                  112 	.db #0x2c	; 44
   0042 0C                  113 	.db #0x0c	; 12
   0043 00                  114 	.db #0x00	; 0
   0044 00                  115 	.db #0x00	; 0
   0045 2C                  116 	.db #0x2c	; 44
   0046 0C                  117 	.db #0x0c	; 12
   0047 00                  118 	.db #0x00	; 0
   0048 00                  119 	.db #0x00	; 0
   0049 28                  120 	.db #0x28	; 40
   004A 04                  121 	.db #0x04	; 4
   004B 00                  122 	.db #0x00	; 0
   004C 00                  123 	.db #0x00	; 0
   004D CC                  124 	.db #0xcc	; 204
   004E 44                  125 	.db #0x44	; 68	'D'
   004F 88                  126 	.db #0x88	; 136
                            127 	.area _INITIALIZER
                            128 	.area _CABS (ABS)
