                              1 ;--------------------------------------------------------
                              2 ; File Created by SDCC : free open source ANSI-C Compiler
                              3 ; Version 3.6.8 #9946 (Linux)
                              4 ;--------------------------------------------------------
                              5 	.module RedBall
                              6 	.optsdcc -mz80
                              7 	
                              8 ;--------------------------------------------------------
                              9 ; Public variables in this module
                             10 ;--------------------------------------------------------
                             11 	.globl _sp_redball
                             12 ;--------------------------------------------------------
                             13 ; special function registers
                             14 ;--------------------------------------------------------
                             15 ;--------------------------------------------------------
                             16 ; ram data
                             17 ;--------------------------------------------------------
                             18 	.area _DATA
                             19 ;--------------------------------------------------------
                             20 ; ram data
                             21 ;--------------------------------------------------------
                             22 	.area _INITIALIZED
                             23 ;--------------------------------------------------------
                             24 ; absolute external ram data
                             25 ;--------------------------------------------------------
                             26 	.area _DABS (ABS)
                             27 ;--------------------------------------------------------
                             28 ; global & static initialisations
                             29 ;--------------------------------------------------------
                             30 	.area _HOME
                             31 	.area _GSINIT
                             32 	.area _GSFINAL
                             33 	.area _GSINIT
                             34 ;--------------------------------------------------------
                             35 ; Home
                             36 ;--------------------------------------------------------
                             37 	.area _HOME
                             38 	.area _HOME
                             39 ;--------------------------------------------------------
                             40 ; code
                             41 ;--------------------------------------------------------
                             42 	.area _CODE
                             43 	.area _CODE
   0000                      44 _sp_redball:
   0000 44                   45 	.db #0x44	; 68	'D'
   0001 88                   46 	.db #0x88	; 136
   0002 44                   47 	.db #0x44	; 68	'D'
   0003 20                   48 	.db #0x20	; 32
   0004 98                   49 	.db #0x98	; 152
   0005 30                   50 	.db #0x30	; 48	'0'
   0006 98                   51 	.db #0x98	; 152
   0007 30                   52 	.db #0x30	; 48	'0'
   0008 98                   53 	.db #0x98	; 152
   0009 30                   54 	.db #0x30	; 48	'0'
   000A 98                   55 	.db #0x98	; 152
   000B 30                   56 	.db #0x30	; 48	'0'
   000C 44                   57 	.db #0x44	; 68	'D'
   000D 20                   58 	.db #0x20	; 32
   000E 44                   59 	.db #0x44	; 68	'D'
   000F 88                   60 	.db #0x88	; 136
                             61 	.area _INITIALIZER
                             62 	.area _CABS (ABS)
